<?xml version="1.0" encoding="UTF-8"?>
<testsuite name="com.arctix.utilities.rulesengine.rules.RulesFileLoaderTest" tests="4" skipped="0" failures="0" errors="0" timestamp="2021-12-23T23:15:20" hostname="Arjuns-MacBook-Pro.local" time="0.033">
  <properties/>
  <testcase name="testLoadFromFileSystem" classname="com.arctix.utilities.rulesengine.rules.RulesFileLoaderTest" time="0.004"/>
  <testcase name="testLoadFromByteArray" classname="com.arctix.utilities.rulesengine.rules.RulesFileLoaderTest" time="0.002"/>
  <testcase name="testLoadFromClasspath_ByName" classname="com.arctix.utilities.rulesengine.rules.RulesFileLoaderTest" time="0.021"/>
  <testcase name="testLoadFromClasspath" classname="com.arctix.utilities.rulesengine.rules.RulesFileLoaderTest" time="0.006"/>
  <system-out><![CDATA[]]></system-out>
  <system-err><![CDATA[]]></system-err>
</testsuite>
