<?xml version="1.0" encoding="UTF-8"?>
<testsuite name="com.arctix.utilities.rulesengine.validation.RulesValidatorTest" tests="1" skipped="0" failures="0" errors="0" timestamp="2021-12-23T23:15:20" hostname="Arjuns-MacBook-Pro.local" time="0.046">
  <properties/>
  <testcase name="testValidateRules" classname="com.arctix.utilities.rulesengine.validation.RulesValidatorTest" time="0.046"/>
  <system-out><![CDATA[17:15:20.235 [Test worker] INFO  c.a.u.r.validation.RulesValidator - Executing Test: tc01_mailing_list_notification
17:15:20.236 [Test worker] DEBUG c.a.u.rulesengine.RulesEngine - PRE_CONDITIONS_ONLY: Fetching data for rules: [Feature {name='tc01_mailing_list_notification'}]
17:15:20.238 [Test worker] DEBUG c.a.u.rulesengine.RulesEngine - PRE_CONDITIONS_ONLY: Rules Evaluated: [Feature {name='tc01_mailing_list_notification'}] 
Result: [RuleEvaluationResult {feature='tc01_mailing_list_notification', returnValue='true', matched=[Evaluation { Condition = EvaluationCondition{key='rules-validator:rule-execution-result.returnValue', type='test', equals='Y', notEquals='null', oneOf=null, notOneOf=null, withinDays=0, beyondDays=0, contains='null', notContains='null', after='null', before='null'}, Parameters = []}, Evaluation { Condition = EvaluationCondition{key='rules-validator:rule-execution-result.feature-name', type='test', equals='mailing_list_notification', notEquals='null', oneOf=null, notOneOf=null, withinDays=0, beyondDays=0, contains='null', notContains='null', after='null', before='null'}, Parameters = []}]}]
17:15:20.239 [Test worker] DEBUG c.a.u.rulesengine.RulesEngine - CONDITIONS_ONLY: Fetching data for rules: [Feature {name='tc01_mailing_list_notification'}]
17:15:20.239 [Test worker] DEBUG c.a.u.rulesengine.RulesEngine - PRE_CONDITIONS_ONLY: Fetching data for rules: [Feature {name='mailing_list_notification'}]
17:15:20.242 [ForkJoinPool.commonPool-worker-5] DEBUG c.a.u.r.rules.RulesEvaluator - Evaluation of condition EvaluationCondition{key='notification-rules:mailing-list-notification.last-evaluation-date', type='data', equals='null', notEquals='null', oneOf=null, notOneOf=null, withinDays=0, beyondDays=7, contains='null', notContains='null', after='null', before='null'} with data [Parameter{key=notification-rules:mailing-list-notification.last-evaluation-date, dataValue='2021-01-31', dataId='null'}] resulted in true
17:15:20.243 [ForkJoinPool.commonPool-worker-5] DEBUG c.a.u.r.rules.RulesEvaluator - No data exists for evaluating condition EvaluationCondition{key='notification-rules:mailing-list-notification.status', type='data', equals='null', notEquals='DISMISSED', oneOf=null, notOneOf=null, withinDays=0, beyondDays=0, contains='null', notContains='null', after='null', before='null'}. Evaluating with null value.
17:15:20.243 [ForkJoinPool.commonPool-worker-5] DEBUG c.a.u.r.rules.RulesEvaluator - Evaluation of condition EvaluationCondition{key='notification-rules:mailing-list-notification.status', type='data', equals='null', notEquals='DISMISSED', oneOf=null, notOneOf=null, withinDays=0, beyondDays=0, contains='null', notContains='null', after='null', before='null'} with data [] resulted in true
17:15:20.244 [ForkJoinPool.commonPool-worker-5] DEBUG c.a.u.rulesengine.RulesEngine - PRE_CONDITIONS_ONLY: Rules Evaluated: [Feature {name='mailing_list_notification'}] 
Result: [RuleEvaluationResult {feature='mailing_list_notification', returnValue='Y', matched=[Evaluation { Condition = EvaluationCondition{key='user-profile:badge-level', type='data', equals='null', notEquals='null', oneOf=null, notOneOf=[GOLD, SILVER], withinDays=0, beyondDays=0, contains='null', notContains='null', after='null', before='null'}, Parameters = [Parameter{key=user-profile:badge-level, dataValue='null', dataId='null'}]}, Evaluation { Condition = EvaluationCondition{key='user-profile:registration-date', type='data', equals='null', notEquals='null', oneOf=null, notOneOf=null, withinDays=1800, beyondDays=0, contains='null', notContains='null', after='null', before='null'}, Parameters = [Parameter{key=user-profile:registration-date, dataValue='2021-12-20', dataId='null'}]}]}]
17:15:20.244 [ForkJoinPool.commonPool-worker-5] DEBUG c.a.u.rulesengine.RulesEngine - CONDITIONS_ONLY: Fetching data for rules: [Feature {name='mailing_list_notification'}]
17:15:20.245 [ForkJoinPool.commonPool-worker-3] DEBUG c.a.u.r.rules.RulesEvaluator - Evaluation of condition EvaluationCondition{key='user-profile:badge-level', type='data', equals='null', notEquals='null', oneOf=null, notOneOf=[GOLD, SILVER], withinDays=0, beyondDays=0, contains='null', notContains='null', after='null', before='null'} with data [Parameter{key=user-profile:badge-level, dataValue='null', dataId='null'}] resulted in true
17:15:20.246 [ForkJoinPool.commonPool-worker-3] DEBUG c.a.u.r.rules.RulesEvaluator - Evaluation of condition EvaluationCondition{key='user-profile:registration-date', type='data', equals='null', notEquals='null', oneOf=null, notOneOf=null, withinDays=1800, beyondDays=0, contains='null', notContains='null', after='null', before='null'} with data [Parameter{key=user-profile:registration-date, dataValue='2021-12-20', dataId='null'}] resulted in true
17:15:20.247 [ForkJoinPool.commonPool-worker-3] DEBUG c.a.u.rulesengine.RulesEngine - CONDITIONS_ONLY: Rules Evaluated: [Feature {name='mailing_list_notification'}] 
Result: [RuleEvaluationResult {feature='mailing_list_notification', returnValue='Y', matched=[Evaluation { Condition = EvaluationCondition{key='user-profile:badge-level', type='data', equals='null', notEquals='null', oneOf=null, notOneOf=[GOLD, SILVER], withinDays=0, beyondDays=0, contains='null', notContains='null', after='null', before='null'}, Parameters = [Parameter{key=user-profile:badge-level, dataValue='null', dataId='null'}]}, Evaluation { Condition = EvaluationCondition{key='user-profile:registration-date', type='data', equals='null', notEquals='null', oneOf=null, notOneOf=null, withinDays=1800, beyondDays=0, contains='null', notContains='null', after='null', before='null'}, Parameters = [Parameter{key=user-profile:registration-date, dataValue='2021-12-20', dataId='null'}]}]}]
17:15:20.250 [ForkJoinPool.commonPool-worker-3] DEBUG c.a.u.r.rules.RulesEvaluator - Evaluation of condition EvaluationCondition{key='rules-validator:rule-execution-result.returnValue', type='test', equals='Y', notEquals='null', oneOf=null, notOneOf=null, withinDays=0, beyondDays=0, contains='null', notContains='null', after='null', before='null'} with data [Parameter{key=rules-validator:rule-execution-result.returnValue, dataValue='Y', dataId='null'}] resulted in true
17:15:20.250 [ForkJoinPool.commonPool-worker-3] DEBUG c.a.u.r.rules.RulesEvaluator - Evaluation of condition EvaluationCondition{key='rules-validator:rule-execution-result.feature-name', type='test', equals='mailing_list_notification', notEquals='null', oneOf=null, notOneOf=null, withinDays=0, beyondDays=0, contains='null', notContains='null', after='null', before='null'} with data [Parameter{key=rules-validator:rule-execution-result.feature-name, dataValue='mailing_list_notification', dataId='null'}] resulted in true
17:15:20.250 [ForkJoinPool.commonPool-worker-3] DEBUG c.a.u.rulesengine.RulesEngine - CONDITIONS_ONLY: Rules Evaluated: [Feature {name='tc01_mailing_list_notification'}] 
Result: [RuleEvaluationResult {feature='tc01_mailing_list_notification', returnValue='true', matched=[Evaluation { Condition = EvaluationCondition{key='rules-validator:rule-execution-result.returnValue', type='test', equals='Y', notEquals='null', oneOf=null, notOneOf=null, withinDays=0, beyondDays=0, contains='null', notContains='null', after='null', before='null'}, Parameters = [Parameter{key=rules-validator:rule-execution-result.returnValue, dataValue='Y', dataId='null'}]}, Evaluation { Condition = EvaluationCondition{key='rules-validator:rule-execution-result.feature-name', type='test', equals='mailing_list_notification', notEquals='null', oneOf=null, notOneOf=null, withinDays=0, beyondDays=0, contains='null', notContains='null', after='null', before='null'}, Parameters = [Parameter{key=rules-validator:rule-execution-result.feature-name, dataValue='mailing_list_notification', dataId='null'}]}]}]
17:15:20.251 [Test worker] INFO  c.a.u.r.validation.RulesValidator - Executing Test: tc02_mailing_list_notification
17:15:20.251 [Test worker] DEBUG c.a.u.rulesengine.RulesEngine - PRE_CONDITIONS_ONLY: Fetching data for rules: [Feature {name='tc02_mailing_list_notification'}]
17:15:20.251 [Test worker] DEBUG c.a.u.rulesengine.RulesEngine - PRE_CONDITIONS_ONLY: Rules Evaluated: [Feature {name='tc02_mailing_list_notification'}] 
Result: [RuleEvaluationResult {feature='tc02_mailing_list_notification', returnValue='true', matched=[Evaluation { Condition = EvaluationCondition{key='rules-validator:rule-execution-result.returnValue', type='test', equals='N', notEquals='null', oneOf=null, notOneOf=null, withinDays=0, beyondDays=0, contains='null', notContains='null', after='null', before='null'}, Parameters = []}, Evaluation { Condition = EvaluationCondition{key='rules-validator:rule-execution-result.feature-name', type='test', equals='mailing_list_notification', notEquals='null', oneOf=null, notOneOf=null, withinDays=0, beyondDays=0, contains='null', notContains='null', after='null', before='null'}, Parameters = []}]}]
17:15:20.252 [Test worker] DEBUG c.a.u.rulesengine.RulesEngine - CONDITIONS_ONLY: Fetching data for rules: [Feature {name='tc02_mailing_list_notification'}]
17:15:20.252 [Test worker] DEBUG c.a.u.rulesengine.RulesEngine - PRE_CONDITIONS_ONLY: Fetching data for rules: [Feature {name='mailing_list_notification'}]
17:15:20.253 [Test worker] DEBUG c.a.u.r.rules.RulesEvaluator - Evaluation of condition EvaluationCondition{key='notification-rules:mailing-list-notification.last-evaluation-date', type='data', equals='null', notEquals='null', oneOf=null, notOneOf=null, withinDays=0, beyondDays=7, contains='null', notContains='null', after='null', before='null'} with data [Parameter{key=notification-rules:mailing-list-notification.last-evaluation-date, dataValue='2021-01-31', dataId='null'}] resulted in true
17:15:20.253 [Test worker] DEBUG c.a.u.r.rules.RulesEvaluator - No data exists for evaluating condition EvaluationCondition{key='notification-rules:mailing-list-notification.status', type='data', equals='null', notEquals='DISMISSED', oneOf=null, notOneOf=null, withinDays=0, beyondDays=0, contains='null', notContains='null', after='null', before='null'}. Evaluating with null value.
17:15:20.253 [Test worker] DEBUG c.a.u.r.rules.RulesEvaluator - Evaluation of condition EvaluationCondition{key='notification-rules:mailing-list-notification.status', type='data', equals='null', notEquals='DISMISSED', oneOf=null, notOneOf=null, withinDays=0, beyondDays=0, contains='null', notContains='null', after='null', before='null'} with data [] resulted in true
17:15:20.254 [Test worker] DEBUG c.a.u.rulesengine.RulesEngine - PRE_CONDITIONS_ONLY: Rules Evaluated: [Feature {name='mailing_list_notification'}] 
Result: [RuleEvaluationResult {feature='mailing_list_notification', returnValue='Y', matched=[Evaluation { Condition = EvaluationCondition{key='user-profile:badge-level', type='data', equals='null', notEquals='null', oneOf=null, notOneOf=[GOLD, SILVER], withinDays=0, beyondDays=0, contains='null', notContains='null', after='null', before='null'}, Parameters = []}, Evaluation { Condition = EvaluationCondition{key='user-profile:registration-date', type='data', equals='null', notEquals='null', oneOf=null, notOneOf=null, withinDays=1800, beyondDays=0, contains='null', notContains='null', after='null', before='null'}, Parameters = [Parameter{key=user-profile:registration-date, dataValue='2021-01-31', dataId='null'}]}]}]
17:15:20.255 [Test worker] DEBUG c.a.u.rulesengine.RulesEngine - CONDITIONS_ONLY: Fetching data for rules: [Feature {name='mailing_list_notification'}]
17:15:20.256 [Test worker] DEBUG c.a.u.r.rules.RulesEvaluator - Evaluation of condition EvaluationCondition{key='user-profile:badge-level', type='data', equals='null', notEquals='null', oneOf=null, notOneOf=[GOLD, SILVER], withinDays=0, beyondDays=0, contains='null', notContains='null', after='null', before='null'} with data [Parameter{key=user-profile:badge-level, dataValue='GOLD', dataId='null'}] resulted in false
17:15:20.257 [Test worker] DEBUG c.a.u.rulesengine.RulesEngine - CONDITIONS_ONLY: Rules Evaluated: [Feature {name='mailing_list_notification'}] 
Result: [RuleEvaluationResult {feature='mailing_list_notification', returnValue='N', matched=[]}]
17:15:20.257 [Test worker] DEBUG c.a.u.r.rules.RulesEvaluator - Evaluation of condition EvaluationCondition{key='rules-validator:rule-execution-result.returnValue', type='test', equals='N', notEquals='null', oneOf=null, notOneOf=null, withinDays=0, beyondDays=0, contains='null', notContains='null', after='null', before='null'} with data [Parameter{key=rules-validator:rule-execution-result.returnValue, dataValue='N', dataId='null'}] resulted in true
17:15:20.258 [Test worker] DEBUG c.a.u.r.rules.RulesEvaluator - Evaluation of condition EvaluationCondition{key='rules-validator:rule-execution-result.feature-name', type='test', equals='mailing_list_notification', notEquals='null', oneOf=null, notOneOf=null, withinDays=0, beyondDays=0, contains='null', notContains='null', after='null', before='null'} with data [Parameter{key=rules-validator:rule-execution-result.feature-name, dataValue='mailing_list_notification', dataId='null'}] resulted in true
17:15:20.258 [Test worker] DEBUG c.a.u.rulesengine.RulesEngine - CONDITIONS_ONLY: Rules Evaluated: [Feature {name='tc02_mailing_list_notification'}] 
Result: [RuleEvaluationResult {feature='tc02_mailing_list_notification', returnValue='true', matched=[Evaluation { Condition = EvaluationCondition{key='rules-validator:rule-execution-result.returnValue', type='test', equals='N', notEquals='null', oneOf=null, notOneOf=null, withinDays=0, beyondDays=0, contains='null', notContains='null', after='null', before='null'}, Parameters = [Parameter{key=rules-validator:rule-execution-result.returnValue, dataValue='N', dataId='null'}]}, Evaluation { Condition = EvaluationCondition{key='rules-validator:rule-execution-result.feature-name', type='test', equals='mailing_list_notification', notEquals='null', oneOf=null, notOneOf=null, withinDays=0, beyondDays=0, contains='null', notContains='null', after='null', before='null'}, Parameters = [Parameter{key=rules-validator:rule-execution-result.feature-name, dataValue='mailing_list_notification', dataId='null'}]}]}]
]]></system-out>
  <system-err><![CDATA[]]></system-err>
</testsuite>
