<?xml version="1.0" encoding="UTF-8"?>
<testsuite name="com.arctix.utilities.rulesengine.datasources.mapper.JsonPathDataSetMapperTest" tests="1" skipped="0" failures="0" errors="0" timestamp="2021-12-23T23:15:13" hostname="Arjuns-MacBook-Pro.local" time="0.684">
  <properties/>
  <testcase name="testToDataSet" classname="com.arctix.utilities.rulesengine.datasources.mapper.JsonPathDataSetMapperTest" time="0.684"/>
  <system-out><![CDATA[17:15:10,170 |-INFO in ch.qos.logback.classic.LoggerContext[default] - Could NOT find resource [logback-test.xml]
17:15:10,171 |-INFO in ch.qos.logback.classic.LoggerContext[default] - Could NOT find resource [logback.groovy]
17:15:10,172 |-INFO in ch.qos.logback.classic.LoggerContext[default] - Found resource [logback.xml] at [file:/Users/arjun/Development/workspace/rules-engine/build/resources/test/logback.xml]
17:15:10,302 |-INFO in ch.qos.logback.classic.joran.action.ConfigurationAction - debug attribute not set
17:15:10,303 |-INFO in ch.qos.logback.core.joran.action.AppenderAction - About to instantiate appender of type [ch.qos.logback.core.ConsoleAppender]
17:15:10,316 |-INFO in ch.qos.logback.core.joran.action.AppenderAction - Naming appender as [CONSOLE]
17:15:10,400 |-WARN in ch.qos.logback.core.ConsoleAppender[CONSOLE] - This appender no longer admits a layout as a sub-component, set an encoder instead.
17:15:10,400 |-WARN in ch.qos.logback.core.ConsoleAppender[CONSOLE] - To ensure compatibility, wrapping your layout in LayoutWrappingEncoder.
17:15:10,400 |-WARN in ch.qos.logback.core.ConsoleAppender[CONSOLE] - See also http://logback.qos.ch/codes.html#layoutInsteadOfEncoder for details
17:15:10,402 |-INFO in ch.qos.logback.classic.joran.action.LoggerAction - Setting level of logger [com.arctix] to DEBUG
17:15:10,402 |-INFO in ch.qos.logback.classic.joran.action.LoggerAction - Setting additivity of logger [com.arctix] to false
17:15:10,403 |-INFO in ch.qos.logback.core.joran.action.AppenderRefAction - Attaching appender named [CONSOLE] to Logger[com.arctix]
17:15:10,404 |-INFO in ch.qos.logback.classic.joran.action.RootLoggerAction - Setting level of ROOT logger to ERROR
17:15:10,404 |-INFO in ch.qos.logback.core.joran.action.AppenderRefAction - Attaching appender named [CONSOLE] to Logger[ROOT]
17:15:10,404 |-INFO in ch.qos.logback.classic.joran.action.ConfigurationAction - End of configuration.
17:15:10,406 |-INFO in ch.qos.logback.classic.joran.JoranConfigurator@1d11f36d - Registering current configuration as safe fallback point


  .   ____          _            __ _ _
 /\\ / ___'_ __ _ _(_)_ __  __ _ \ \ \ \
( ( )\___ | '_ | '_| | '_ \/ _` | \ \ \ \
 \\/  ___)| |_)| | | | | || (_| |  ) ) ) )
  '  |____| .__|_| |_|_| |_\__, | / / / /
 =========|_|==============|___/=/_/_/_/
 :: Spring Boot ::                (v2.5.5)

17:15:12.083 [Test worker] INFO  c.a.u.r.d.m.JsonPathDataSetMapperTest - Starting JsonPathDataSetMapperTest using Java 15.0.2 on Arjuns-MacBook-Pro.local with PID 67459 (started by arjun in /Users/arjun/Development/workspace/rules-engine)
17:15:12.087 [Test worker] DEBUG c.a.u.r.d.m.JsonPathDataSetMapperTest - Running with Spring Boot v2.5.5, Spring v5.3.10
17:15:12.090 [Test worker] INFO  c.a.u.r.d.m.JsonPathDataSetMapperTest - No active profile set, falling back to default profiles: default
17:15:13.708 [Test worker] INFO  c.a.u.r.d.m.JsonPathDataSetMapperTest - Started JsonPathDataSetMapperTest in 2.411 seconds (JVM running for 5.057)
]]></system-out>
  <system-err><![CDATA[]]></system-err>
</testsuite>
