<?xml version="1.0" encoding="UTF-8"?>
<testsuite name="com.arctix.utilities.rulesengine.RulesEngineTest" tests="8" skipped="0" failures="0" errors="0" timestamp="2021-12-23T23:15:19" hostname="Arjuns-MacBook-Pro.local" time="0.191">
  <properties/>
  <testcase name="testExecuteRules_AllPass" classname="com.arctix.utilities.rulesengine.RulesEngineTest" time="0.137"/>
  <testcase name="testGetFeaturesWithErrors" classname="com.arctix.utilities.rulesengine.RulesEngineTest" time="0.004"/>
  <testcase name="testExecuteRules_FailPreCondition" classname="com.arctix.utilities.rulesengine.RulesEngineTest" time="0.015"/>
  <testcase name="testGetAttributesBySource_ForCondition" classname="com.arctix.utilities.rulesengine.RulesEngineTest" time="0.002"/>
  <testcase name="testExecuteRules_FailCondition1" classname="com.arctix.utilities.rulesengine.RulesEngineTest" time="0.01"/>
  <testcase name="testExecuteRules_FailCondition2" classname="com.arctix.utilities.rulesengine.RulesEngineTest" time="0.009"/>
  <testcase name="testEvaluateRulesWithErrors" classname="com.arctix.utilities.rulesengine.RulesEngineTest" time="0.006"/>
  <testcase name="testGetAttributesBySource_ForPreCondition" classname="com.arctix.utilities.rulesengine.RulesEngineTest" time="0.003"/>
  <system-out><![CDATA[17:15:19.954 [Test worker] DEBUG c.a.u.rulesengine.RulesEngine - PRE_CONDITIONS_ONLY: Fetching data for rules: [Feature {name='feature1'}, Feature {name='feature2'}]
17:15:19.976 [Test worker] DEBUG c.a.u.r.rules.RulesEvaluator - Evaluation of condition EvaluationCondition{key='ds1:attribute1', type='data', equals='p-one', notEquals='null', oneOf=null, notOneOf=null, withinDays=0, beyondDays=0, contains='null', notContains='null', after='null', before='null'} with data [Parameter{key=ds1:attribute1, dataValue='p-one', dataId='null'}] resulted in true
17:15:19.982 [Test worker] DEBUG c.a.u.rulesengine.RulesEngine - PRE_CONDITIONS_ONLY: Rules Evaluated: [Feature {name='feature1'}, Feature {name='feature2'}] 
Result: [RuleEvaluationResult {feature='feature1', returnValue='true', matched=[Evaluation { Condition = EvaluationCondition{key='ds2:attribute2', type='data', equals='c-two', notEquals='null', oneOf=null, notOneOf=null, withinDays=0, beyondDays=0, contains='null', notContains='null', after='null', before='null'}, Parameters = [Parameter{key=ds2:attribute2, dataValue='c-two', dataId='null'}]}]}, RuleEvaluationResult {feature='feature2', returnValue='true', matched=[Evaluation { Condition = EvaluationCondition{key='ds2:attribute2', type='data', equals='c-two', notEquals='null', oneOf=null, notOneOf=null, withinDays=0, beyondDays=0, contains='null', notContains='null', after='null', before='null'}, Parameters = [Parameter{key=ds2:attribute2, dataValue='c-two', dataId='null'}]}, Evaluation { Condition = EvaluationCondition{key='ds3:attribute3', type='data', equals='c-three', notEquals='null', oneOf=null, notOneOf=null, withinDays=0, beyondDays=0, contains='null', notContains='null', after='null', before='null'}, Parameters = [Parameter{key=ds3:attribute3, dataValue='c-three', dataId='null'}]}]}]
17:15:19.988 [Test worker] DEBUG c.a.u.rulesengine.RulesEngine - CONDITIONS_ONLY: Fetching data for rules: [Feature {name='feature1'}, Feature {name='feature2'}]
17:15:19.989 [Test worker] DEBUG c.a.u.r.rules.RulesEvaluator - Evaluation of condition EvaluationCondition{key='ds2:attribute2', type='data', equals='c-two', notEquals='null', oneOf=null, notOneOf=null, withinDays=0, beyondDays=0, contains='null', notContains='null', after='null', before='null'} with data [Parameter{key=ds2:attribute2, dataValue='c-two', dataId='null'}] resulted in true
17:15:19.989 [Test worker] DEBUG c.a.u.r.rules.RulesEvaluator - Evaluation of condition EvaluationCondition{key='ds2:attribute2', type='data', equals='c-two', notEquals='null', oneOf=null, notOneOf=null, withinDays=0, beyondDays=0, contains='null', notContains='null', after='null', before='null'} with data [Parameter{key=ds2:attribute2, dataValue='c-two', dataId='null'}] resulted in true
17:15:19.990 [Test worker] DEBUG c.a.u.r.rules.RulesEvaluator - Evaluation of condition EvaluationCondition{key='ds3:attribute3', type='data', equals='c-three', notEquals='null', oneOf=null, notOneOf=null, withinDays=0, beyondDays=0, contains='null', notContains='null', after='null', before='null'} with data [Parameter{key=ds3:attribute3, dataValue='c-three', dataId='null'}] resulted in true
17:15:19.990 [Test worker] DEBUG c.a.u.rulesengine.RulesEngine - CONDITIONS_ONLY: Rules Evaluated: [Feature {name='feature1'}, Feature {name='feature2'}] 
Result: [RuleEvaluationResult {feature='feature1', returnValue='true', matched=[Evaluation { Condition = EvaluationCondition{key='ds2:attribute2', type='data', equals='c-two', notEquals='null', oneOf=null, notOneOf=null, withinDays=0, beyondDays=0, contains='null', notContains='null', after='null', before='null'}, Parameters = [Parameter{key=ds2:attribute2, dataValue='c-two', dataId='null'}]}]}, RuleEvaluationResult {feature='feature2', returnValue='true', matched=[Evaluation { Condition = EvaluationCondition{key='ds2:attribute2', type='data', equals='c-two', notEquals='null', oneOf=null, notOneOf=null, withinDays=0, beyondDays=0, contains='null', notContains='null', after='null', before='null'}, Parameters = [Parameter{key=ds2:attribute2, dataValue='c-two', dataId='null'}]}, Evaluation { Condition = EvaluationCondition{key='ds3:attribute3', type='data', equals='c-three', notEquals='null', oneOf=null, notOneOf=null, withinDays=0, beyondDays=0, contains='null', notContains='null', after='null', before='null'}, Parameters = [Parameter{key=ds3:attribute3, dataValue='c-three', dataId='null'}]}]}]
17:15:20.014 [Test worker] DEBUG c.a.u.rulesengine.RulesEngine - PRE_CONDITIONS_ONLY: Fetching data for rules: [Feature {name='feature1'}, Feature {name='feature2'}]
17:15:20.019 [Test worker] DEBUG c.a.u.r.rules.RulesEvaluator - Evaluation of condition EvaluationCondition{key='ds1:attribute1', type='data', equals='p-one', notEquals='null', oneOf=null, notOneOf=null, withinDays=0, beyondDays=0, contains='null', notContains='null', after='null', before='null'} with data [Parameter{key=ds1:attribute1, dataValue='p-fail', dataId='null'}] resulted in false
17:15:20.020 [Test worker] DEBUG c.a.u.rulesengine.RulesEngine - PRE_CONDITIONS_ONLY: Rules Evaluated: [Feature {name='feature1'}, Feature {name='feature2'}] 
Result: [RuleEvaluationResult {feature='feature1', returnValue='false', matched=[]}, RuleEvaluationResult {feature='feature2', returnValue='true', matched=[Evaluation { Condition = EvaluationCondition{key='ds2:attribute2', type='data', equals='c-two', notEquals='null', oneOf=null, notOneOf=null, withinDays=0, beyondDays=0, contains='null', notContains='null', after='null', before='null'}, Parameters = [Parameter{key=ds2:attribute2, dataValue='c-two', dataId='null'}]}, Evaluation { Condition = EvaluationCondition{key='ds3:attribute3', type='data', equals='c-three', notEquals='null', oneOf=null, notOneOf=null, withinDays=0, beyondDays=0, contains='null', notContains='null', after='null', before='null'}, Parameters = [Parameter{key=ds3:attribute3, dataValue='c-three', dataId='null'}]}]}]
17:15:20.021 [Test worker] DEBUG c.a.u.rulesengine.RulesEngine - CONDITIONS_ONLY: Fetching data for rules: [Feature {name='feature2'}]
17:15:20.023 [Test worker] DEBUG c.a.u.r.rules.RulesEvaluator - Evaluation of condition EvaluationCondition{key='ds2:attribute2', type='data', equals='c-two', notEquals='null', oneOf=null, notOneOf=null, withinDays=0, beyondDays=0, contains='null', notContains='null', after='null', before='null'} with data [Parameter{key=ds2:attribute2, dataValue='c-two', dataId='null'}] resulted in true
17:15:20.023 [Test worker] DEBUG c.a.u.r.rules.RulesEvaluator - Evaluation of condition EvaluationCondition{key='ds3:attribute3', type='data', equals='c-three', notEquals='null', oneOf=null, notOneOf=null, withinDays=0, beyondDays=0, contains='null', notContains='null', after='null', before='null'} with data [Parameter{key=ds3:attribute3, dataValue='c-three', dataId='null'}] resulted in true
17:15:20.024 [Test worker] DEBUG c.a.u.rulesengine.RulesEngine - CONDITIONS_ONLY: Rules Evaluated: [Feature {name='feature2'}] 
Result: [RuleEvaluationResult {feature='feature2', returnValue='true', matched=[Evaluation { Condition = EvaluationCondition{key='ds2:attribute2', type='data', equals='c-two', notEquals='null', oneOf=null, notOneOf=null, withinDays=0, beyondDays=0, contains='null', notContains='null', after='null', before='null'}, Parameters = [Parameter{key=ds2:attribute2, dataValue='c-two', dataId='null'}]}, Evaluation { Condition = EvaluationCondition{key='ds3:attribute3', type='data', equals='c-three', notEquals='null', oneOf=null, notOneOf=null, withinDays=0, beyondDays=0, contains='null', notContains='null', after='null', before='null'}, Parameters = [Parameter{key=ds3:attribute3, dataValue='c-three', dataId='null'}]}]}]
17:15:20.032 [Test worker] DEBUG c.a.u.rulesengine.RulesEngine - PRE_CONDITIONS_ONLY: Fetching data for rules: [Feature {name='feature1'}, Feature {name='feature2'}]
17:15:20.033 [Test worker] DEBUG c.a.u.r.rules.RulesEvaluator - Evaluation of condition EvaluationCondition{key='ds1:attribute1', type='data', equals='p-one', notEquals='null', oneOf=null, notOneOf=null, withinDays=0, beyondDays=0, contains='null', notContains='null', after='null', before='null'} with data [Parameter{key=ds1:attribute1, dataValue='p-one', dataId='null'}] resulted in true
17:15:20.034 [Test worker] DEBUG c.a.u.rulesengine.RulesEngine - PRE_CONDITIONS_ONLY: Rules Evaluated: [Feature {name='feature1'}, Feature {name='feature2'}] 
Result: [RuleEvaluationResult {feature='feature1', returnValue='true', matched=[Evaluation { Condition = EvaluationCondition{key='ds2:attribute2', type='data', equals='c-two', notEquals='null', oneOf=null, notOneOf=null, withinDays=0, beyondDays=0, contains='null', notContains='null', after='null', before='null'}, Parameters = []}]}, RuleEvaluationResult {feature='feature2', returnValue='true', matched=[Evaluation { Condition = EvaluationCondition{key='ds2:attribute2', type='data', equals='c-two', notEquals='null', oneOf=null, notOneOf=null, withinDays=0, beyondDays=0, contains='null', notContains='null', after='null', before='null'}, Parameters = []}, Evaluation { Condition = EvaluationCondition{key='ds3:attribute3', type='data', equals='c-three', notEquals='null', oneOf=null, notOneOf=null, withinDays=0, beyondDays=0, contains='null', notContains='null', after='null', before='null'}, Parameters = [Parameter{key=ds3:attribute3, dataValue='c-three', dataId='null'}]}]}]
17:15:20.035 [Test worker] DEBUG c.a.u.rulesengine.RulesEngine - CONDITIONS_ONLY: Fetching data for rules: [Feature {name='feature1'}, Feature {name='feature2'}]
17:15:20.036 [Test worker] DEBUG c.a.u.r.rules.RulesEvaluator - Evaluation of condition EvaluationCondition{key='ds2:attribute2', type='data', equals='c-two', notEquals='null', oneOf=null, notOneOf=null, withinDays=0, beyondDays=0, contains='null', notContains='null', after='null', before='null'} with data [Parameter{key=ds2:attribute2, dataValue='c-fail', dataId='null'}] resulted in false
17:15:20.037 [Test worker] DEBUG c.a.u.r.rules.RulesEvaluator - Evaluation of condition EvaluationCondition{key='ds2:attribute2', type='data', equals='c-two', notEquals='null', oneOf=null, notOneOf=null, withinDays=0, beyondDays=0, contains='null', notContains='null', after='null', before='null'} with data [Parameter{key=ds2:attribute2, dataValue='c-fail', dataId='null'}] resulted in false
17:15:20.037 [Test worker] DEBUG c.a.u.rulesengine.RulesEngine - CONDITIONS_ONLY: Rules Evaluated: [Feature {name='feature1'}, Feature {name='feature2'}] 
Result: [RuleEvaluationResult {feature='feature1', returnValue='false', matched=[]}, RuleEvaluationResult {feature='feature2', returnValue='false', matched=[]}]
17:15:20.043 [Test worker] DEBUG c.a.u.rulesengine.RulesEngine - PRE_CONDITIONS_ONLY: Fetching data for rules: [Feature {name='feature1'}, Feature {name='feature2'}]
17:15:20.044 [Test worker] DEBUG c.a.u.r.rules.RulesEvaluator - Evaluation of condition EvaluationCondition{key='ds1:attribute1', type='data', equals='p-one', notEquals='null', oneOf=null, notOneOf=null, withinDays=0, beyondDays=0, contains='null', notContains='null', after='null', before='null'} with data [Parameter{key=ds1:attribute1, dataValue='p-one', dataId='null'}] resulted in true
17:15:20.044 [Test worker] DEBUG c.a.u.rulesengine.RulesEngine - PRE_CONDITIONS_ONLY: Rules Evaluated: [Feature {name='feature1'}, Feature {name='feature2'}] 
Result: [RuleEvaluationResult {feature='feature1', returnValue='true', matched=[Evaluation { Condition = EvaluationCondition{key='ds2:attribute2', type='data', equals='c-two', notEquals='null', oneOf=null, notOneOf=null, withinDays=0, beyondDays=0, contains='null', notContains='null', after='null', before='null'}, Parameters = [Parameter{key=ds2:attribute2, dataValue='c-two', dataId='null'}]}]}, RuleEvaluationResult {feature='feature2', returnValue='true', matched=[Evaluation { Condition = EvaluationCondition{key='ds2:attribute2', type='data', equals='c-two', notEquals='null', oneOf=null, notOneOf=null, withinDays=0, beyondDays=0, contains='null', notContains='null', after='null', before='null'}, Parameters = [Parameter{key=ds2:attribute2, dataValue='c-two', dataId='null'}]}, Evaluation { Condition = EvaluationCondition{key='ds3:attribute3', type='data', equals='c-three', notEquals='null', oneOf=null, notOneOf=null, withinDays=0, beyondDays=0, contains='null', notContains='null', after='null', before='null'}, Parameters = []}]}]
17:15:20.046 [Test worker] DEBUG c.a.u.rulesengine.RulesEngine - CONDITIONS_ONLY: Fetching data for rules: [Feature {name='feature1'}, Feature {name='feature2'}]
17:15:20.047 [Test worker] DEBUG c.a.u.r.rules.RulesEvaluator - Evaluation of condition EvaluationCondition{key='ds2:attribute2', type='data', equals='c-two', notEquals='null', oneOf=null, notOneOf=null, withinDays=0, beyondDays=0, contains='null', notContains='null', after='null', before='null'} with data [Parameter{key=ds2:attribute2, dataValue='c-two', dataId='null'}] resulted in true
17:15:20.047 [Test worker] DEBUG c.a.u.r.rules.RulesEvaluator - Evaluation of condition EvaluationCondition{key='ds2:attribute2', type='data', equals='c-two', notEquals='null', oneOf=null, notOneOf=null, withinDays=0, beyondDays=0, contains='null', notContains='null', after='null', before='null'} with data [Parameter{key=ds2:attribute2, dataValue='c-two', dataId='null'}] resulted in true
17:15:20.048 [Test worker] DEBUG c.a.u.r.rules.RulesEvaluator - Evaluation of condition EvaluationCondition{key='ds3:attribute3', type='data', equals='c-three', notEquals='null', oneOf=null, notOneOf=null, withinDays=0, beyondDays=0, contains='null', notContains='null', after='null', before='null'} with data [Parameter{key=ds3:attribute3, dataValue='c-fail', dataId='null'}] resulted in false
17:15:20.049 [Test worker] DEBUG c.a.u.rulesengine.RulesEngine - CONDITIONS_ONLY: Rules Evaluated: [Feature {name='feature1'}, Feature {name='feature2'}] 
Result: [RuleEvaluationResult {feature='feature1', returnValue='true', matched=[Evaluation { Condition = EvaluationCondition{key='ds2:attribute2', type='data', equals='c-two', notEquals='null', oneOf=null, notOneOf=null, withinDays=0, beyondDays=0, contains='null', notContains='null', after='null', before='null'}, Parameters = [Parameter{key=ds2:attribute2, dataValue='c-two', dataId='null'}]}]}, RuleEvaluationResult {feature='feature2', returnValue='false', matched=[]}]
17:15:20.052 [Test worker] WARN  c.a.u.rulesengine.RulesEngine - The following features will not be evaluated due to errors in fetching data from data sources: [Feature {name='feature2'}]
17:15:20.052 [Test worker] DEBUG c.a.u.rulesengine.RulesEngine - Features to be evaluated: [Feature {name='feature1'}]
17:15:20.053 [Test worker] DEBUG c.a.u.r.rules.RulesEvaluator - Evaluation of condition EvaluationCondition{key='ds2:attribute2', type='data', equals='c-two', notEquals='null', oneOf=null, notOneOf=null, withinDays=0, beyondDays=0, contains='null', notContains='null', after='null', before='null'} with data [Parameter{key=ds2:attribute2, dataValue='c-two', dataId='null'}] resulted in true
17:15:20.053 [Test worker] DEBUG c.a.u.rulesengine.RulesEngine - CONDITIONS_ONLY: Rules Evaluated: [Feature {name='feature1'}, Feature {name='feature2'}] 
Result: [RuleEvaluationResult {feature='feature1', returnValue='true', matched=[Evaluation { Condition = EvaluationCondition{key='ds2:attribute2', type='data', equals='c-two', notEquals='null', oneOf=null, notOneOf=null, withinDays=0, beyondDays=0, contains='null', notContains='null', after='null', before='null'}, Parameters = [Parameter{key=ds2:attribute2, dataValue='c-two', dataId='null'}]}]}]
]]></system-out>
  <system-err><![CDATA[]]></system-err>
</testsuite>
