<?xml version="1.0" encoding="UTF-8"?>
<testsuite name="com.arctix.utilities.rulesengine.rules.RulesEvaluatorTest" tests="17" skipped="0" failures="0" errors="0" timestamp="2021-12-23T23:15:20" hostname="Arjuns-MacBook-Pro.local" time="0.105">
  <properties/>
  <testcase name="testEvaluateCondition_MatchWithinNoData_Negative_2" classname="com.arctix.utilities.rulesengine.rules.RulesEvaluatorTest" time="0.011"/>
  <testcase name="testEvaluateCondition_MatchNotOneOf_Positive" classname="com.arctix.utilities.rulesengine.rules.RulesEvaluatorTest" time="0.002"/>
  <testcase name="testEvaluateCondition_MatchNotOneOf_Negative" classname="com.arctix.utilities.rulesengine.rules.RulesEvaluatorTest" time="0.001"/>
  <testcase name="testEvaluateCondition_MatchBefore_Positive" classname="com.arctix.utilities.rulesengine.rules.RulesEvaluatorTest" time="0.016"/>
  <testcase name="testEvaluateCondition_MatchBefore_Negative" classname="com.arctix.utilities.rulesengine.rules.RulesEvaluatorTest" time="0.002"/>
  <testcase name="testEvaluateCondition_MatchWithin_Positive" classname="com.arctix.utilities.rulesengine.rules.RulesEvaluatorTest" time="0.002"/>
  <testcase name="testEvaluateCondition_MatchWithin_Negative" classname="com.arctix.utilities.rulesengine.rules.RulesEvaluatorTest" time="0.002"/>
  <testcase name="testEvaluateCondition_MatchOneOf_Positive_WithNull" classname="com.arctix.utilities.rulesengine.rules.RulesEvaluatorTest" time="0.003"/>
  <testcase name="testEvaluateCondition_MatchAfter_Positive" classname="com.arctix.utilities.rulesengine.rules.RulesEvaluatorTest" time="0.003"/>
  <testcase name="testEvaluateCondition_MatchAfter_Negative" classname="com.arctix.utilities.rulesengine.rules.RulesEvaluatorTest" time="0.001"/>
  <testcase name="testEvaluate_AllPositive" classname="com.arctix.utilities.rulesengine.rules.RulesEvaluatorTest" time="0.028"/>
  <testcase name="testEvaluateCondition_MatchBeyondNoData_Negative_1" classname="com.arctix.utilities.rulesengine.rules.RulesEvaluatorTest" time="0.002"/>
  <testcase name="testEvaluate_AllNegative" classname="com.arctix.utilities.rulesengine.rules.RulesEvaluatorTest" time="0.016"/>
  <testcase name="testEvaluateCondition_MatchBeyond_Positive" classname="com.arctix.utilities.rulesengine.rules.RulesEvaluatorTest" time="0.004"/>
  <testcase name="testEvaluateCondition_MatchOneOf_Positive" classname="com.arctix.utilities.rulesengine.rules.RulesEvaluatorTest" time="0.001"/>
  <testcase name="testEvaluateCondition_MatchBeyond_Negative" classname="com.arctix.utilities.rulesengine.rules.RulesEvaluatorTest" time="0.001"/>
  <testcase name="testEvaluateCondition_MatchOneOf_Negative" classname="com.arctix.utilities.rulesengine.rules.RulesEvaluatorTest" time="0.001"/>
  <system-out><![CDATA[17:15:20.066 [Test worker] DEBUG c.a.u.r.rules.RulesEvaluator - No data exists for evaluating condition EvaluationCondition{key='user-profile:registration-date', type='null', equals='null', notEquals='null', oneOf=null, notOneOf=null, withinDays=180, beyondDays=0, contains='null', notContains='null', after='null', before='null'}. Evaluating with null value.
17:15:20.076 [Test worker] DEBUG c.a.u.r.rules.RulesEvaluator - Evaluation of condition EvaluationCondition{key='user-profile:registration-date', type='null', equals='null', notEquals='null', oneOf=null, notOneOf=null, withinDays=180, beyondDays=0, contains='null', notContains='null', after='null', before='null'} with data [] resulted in false
17:15:20.078 [Test worker] DEBUG c.a.u.r.rules.RulesEvaluator - Evaluation of condition EvaluationCondition{key='user-profile:badge-level', type='null', equals='null', notEquals='null', oneOf=null, notOneOf=[ENROLLED], withinDays=0, beyondDays=0, contains='null', notContains='null', after='null', before='null'} with data [Parameter{key=user-profile:badge-level, dataValue='BRONZE', dataId='null'}] resulted in true
17:15:20.080 [Test worker] DEBUG c.a.u.r.rules.RulesEvaluator - Evaluation of condition EvaluationCondition{key='user-profile:badge-level', type='null', equals='null', notEquals='null', oneOf=null, notOneOf=[BRONZE], withinDays=0, beyondDays=0, contains='null', notContains='null', after='null', before='null'} with data [Parameter{key=user-profile:badge-level, dataValue='BRONZE', dataId='null'}] resulted in false
17:15:20.097 [Test worker] DEBUG c.a.u.r.rules.RulesEvaluator - Evaluation of condition EvaluationCondition{key='system-data:date-time', type='null', equals='null', notEquals='null', oneOf=null, notOneOf=null, withinDays=0, beyondDays=0, contains='null', notContains='null', after='null', before='2045-01-31T00:00:00Z'} with data [Parameter{key=system-data:date-time, dataValue='2021-12-23T17:15:20.082016-06:00', dataId='null'}] resulted in true
17:15:20.101 [Test worker] DEBUG c.a.u.r.rules.RulesEvaluator - Evaluation of condition EvaluationCondition{key='system-data:date-time', type='null', equals='null', notEquals='null', oneOf=null, notOneOf=null, withinDays=0, beyondDays=0, contains='null', notContains='null', after='null', before='2021-01-31T00:00:00Z'} with data [Parameter{key=system-data:date-time, dataValue='2021-12-23T17:15:20.10016-06:00', dataId='null'}] resulted in false
17:15:20.103 [Test worker] DEBUG c.a.u.r.rules.RulesEvaluator - Evaluation of condition EvaluationCondition{key='user-profile:registration-date', type='null', equals='null', notEquals='null', oneOf=null, notOneOf=null, withinDays=180, beyondDays=0, contains='null', notContains='null', after='null', before='null'} with data [Parameter{key=user-profile:registration-date, dataValue='2021-09-23', dataId='null'}] resulted in true
17:15:20.105 [Test worker] DEBUG c.a.u.r.rules.RulesEvaluator - Evaluation of condition EvaluationCondition{key='user-profile:registration-date', type='null', equals='null', notEquals='null', oneOf=null, notOneOf=null, withinDays=5, beyondDays=0, contains='null', notContains='null', after='null', before='null'} with data [Parameter{key=user-profile:registration-date, dataValue='2021-09-23', dataId='null'}] resulted in false
17:15:20.109 [Test worker] DEBUG c.a.u.r.rules.RulesEvaluator - Evaluation of condition EvaluationCondition{key='user-profile:badge-level', type='null', equals='null', notEquals='null', oneOf=[BRONZE, XYZ, null], notOneOf=null, withinDays=0, beyondDays=0, contains='null', notContains='null', after='null', before='null'} with data [Parameter{key=user-profile:badge-level, dataValue='BRONZE', dataId='null'}] resulted in true
17:15:20.111 [Test worker] DEBUG c.a.u.r.rules.RulesEvaluator - Evaluation of condition EvaluationCondition{key='system-data:date-time', type='null', equals='null', notEquals='null', oneOf=null, notOneOf=null, withinDays=0, beyondDays=0, contains='null', notContains='null', after='2021-01-31T00:00:00Z', before='null'} with data [Parameter{key=system-data:date-time, dataValue='2021-12-23T17:15:20.110465-06:00', dataId='null'}] resulted in true
17:15:20.114 [Test worker] DEBUG c.a.u.r.rules.RulesEvaluator - Evaluation of condition EvaluationCondition{key='system-data:date-time', type='null', equals='null', notEquals='null', oneOf=null, notOneOf=null, withinDays=0, beyondDays=0, contains='null', notContains='null', after='2045-01-31T00:00:00Z', before='null'} with data [Parameter{key=system-data:date-time, dataValue='2021-12-23T17:15:20.11363-06:00', dataId='null'}] resulted in false
17:15:20.130 [Test worker] DEBUG c.a.u.r.rules.RulesEvaluator - Evaluation of condition EvaluationCondition{key='user-profile:badge-level', type='data', equals='null', notEquals='null', oneOf=null, notOneOf=[GOLD, SILVER], withinDays=0, beyondDays=0, contains='null', notContains='null', after='null', before='null'} with data [Parameter{key=user-profile:badge-level, dataValue='BRONZE', dataId='null'}] resulted in true
17:15:20.137 [Test worker] DEBUG c.a.u.r.rules.RulesEvaluator - Evaluation of condition EvaluationCondition{key='user-profile:registration-date', type='data', equals='null', notEquals='null', oneOf=null, notOneOf=null, withinDays=1800, beyondDays=0, contains='null', notContains='null', after='null', before='null'} with data [Parameter{key=user-profile:registration-date, dataValue='2021-09-23', dataId='null'}] resulted in true
17:15:20.142 [Test worker] DEBUG c.a.u.r.rules.RulesEvaluator - No data exists for evaluating condition EvaluationCondition{key='user-profile:registration-date', type='null', equals='null', notEquals='null', oneOf=null, notOneOf=null, withinDays=0, beyondDays=180, contains='null', notContains='null', after='null', before='null'}. Evaluating with null value.
17:15:20.143 [Test worker] DEBUG c.a.u.r.rules.RulesEvaluator - Evaluation of condition EvaluationCondition{key='user-profile:registration-date', type='null', equals='null', notEquals='null', oneOf=null, notOneOf=null, withinDays=0, beyondDays=180, contains='null', notContains='null', after='null', before='null'} with data [] resulted in true
17:15:20.155 [Test worker] DEBUG c.a.u.r.rules.RulesEvaluator - No data exists for evaluating condition EvaluationCondition{key='user-profile:badge-level', type='data', equals='null', notEquals='null', oneOf=null, notOneOf=[GOLD, SILVER], withinDays=0, beyondDays=0, contains='null', notContains='null', after='null', before='null'}. Evaluating with null value.
17:15:20.156 [Test worker] DEBUG c.a.u.r.rules.RulesEvaluator - Evaluation of condition EvaluationCondition{key='user-profile:badge-level', type='data', equals='null', notEquals='null', oneOf=null, notOneOf=[GOLD, SILVER], withinDays=0, beyondDays=0, contains='null', notContains='null', after='null', before='null'} with data [] resulted in true
17:15:20.157 [Test worker] DEBUG c.a.u.r.rules.RulesEvaluator - No data exists for evaluating condition EvaluationCondition{key='user-profile:registration-date', type='data', equals='null', notEquals='null', oneOf=null, notOneOf=null, withinDays=1800, beyondDays=0, contains='null', notContains='null', after='null', before='null'}. Evaluating with null value.
17:15:20.158 [Test worker] DEBUG c.a.u.r.rules.RulesEvaluator - Evaluation of condition EvaluationCondition{key='user-profile:registration-date', type='data', equals='null', notEquals='null', oneOf=null, notOneOf=null, withinDays=1800, beyondDays=0, contains='null', notContains='null', after='null', before='null'} with data [] resulted in false
17:15:20.162 [Test worker] DEBUG c.a.u.r.rules.RulesEvaluator - Evaluation of condition EvaluationCondition{key='user-profile:registration-date', type='null', equals='null', notEquals='null', oneOf=null, notOneOf=null, withinDays=0, beyondDays=5, contains='null', notContains='null', after='null', before='null'} with data [Parameter{key=user-profile:registration-date, dataValue='2021-09-23', dataId='null'}] resulted in true
17:15:20.166 [Test worker] DEBUG c.a.u.r.rules.RulesEvaluator - Evaluation of condition EvaluationCondition{key='user-profile:badge-level', type='null', equals='null', notEquals='null', oneOf=[SILVER, BRONZE], notOneOf=null, withinDays=0, beyondDays=0, contains='null', notContains='null', after='null', before='null'} with data [Parameter{key=user-profile:badge-level, dataValue='BRONZE', dataId='null'}] resulted in true
17:15:20.168 [Test worker] DEBUG c.a.u.r.rules.RulesEvaluator - Evaluation of condition EvaluationCondition{key='user-profile:registration-date', type='null', equals='null', notEquals='null', oneOf=null, notOneOf=null, withinDays=0, beyondDays=180, contains='null', notContains='null', after='null', before='null'} with data [Parameter{key=user-profile:registration-date, dataValue='2021-09-23', dataId='null'}] resulted in false
17:15:20.170 [Test worker] DEBUG c.a.u.r.rules.RulesEvaluator - Evaluation of condition EvaluationCondition{key='user-profile:badge-level', type='null', equals='null', notEquals='null', oneOf=[ABC, XYZ, UVX], notOneOf=null, withinDays=0, beyondDays=0, contains='null', notContains='null', after='null', before='null'} with data [Parameter{key=user-profile:badge-level, dataValue='BRONZE', dataId='null'}] resulted in false
]]></system-out>
  <system-err><![CDATA[]]></system-err>
</testsuite>
